Arguments: 
  /usr/local/bin/node /usr/local/Cellar/yarn/1.22.19/libexec/bin/yarn.js add [package]@[version]

PATH: 
  ”/Library/Frameworks/Python.framework/Versions/3.10/bin:/Library/Frameworks/Python.framework/Versions/3.8/bin:/usr/local/bin:/System/Cryptexes/App/usr/bin:/usr/bin:/bin:/usr/sbin:/sbin:/Library/Frameworks/Mono.framework/Versions/Current/Commands:/Library/Frameworks/Python.framework/Versions/3.10/bin:/Library/Frameworks/Python.framework/Versions/3.8/bin:/usr/local/bin”

Yarn version: 
  1.22.19

Node version: 
  18.15.0

Platform: 
  darwin x64

Trace: 
  Error: https://registry.yarnpkg.com/[package]: Not found
      at params.callback [as _callback] (/usr/local/Cellar/yarn/1.22.19/libexec/lib/cli.js:66145:18)
      at self.callback (/usr/local/Cellar/yarn/1.22.19/libexec/lib/cli.js:140890:22)
      at Request.emit (node:events:513:28)
      at Request.<anonymous> (/usr/local/Cellar/yarn/1.22.19/libexec/lib/cli.js:141862:10)
      at Request.emit (node:events:513:28)
      at IncomingMessage.<anonymous> (/usr/local/Cellar/yarn/1.22.19/libexec/lib/cli.js:141784:12)
      at Object.onceWrapper (node:events:627:28)
      at IncomingMessage.emit (node:events:525:35)
      at endReadableNT (node:internal/streams/readable:1359:12)
      at process.processTicksAndRejections (node:internal/process/task_queues:82:21)

npm manifest: 
  {
    "name": "learn",
    "version": "1.0.0",
    "description": "js examples for fast learning",
    "main": "index.js",
    "scripts": {
      "test": "jest"
    },
    "repository": "git+https://github.com/aneelia/learn-js.git",
    "author": "aneelia",
    "license": "ISC",
    "bugs": {
      "url": "https://github.com/aneelia/learn-js/issues"
    },
    "homepage": "https://github.com/aneelia/learn-js#readme",
    "devDependencies": {
      "@babel/core": "^7.21.0",
      "@babel/preset-env": "^7.20.2",
      "babel-jest": "^26.6.3",
      "cypress": "^4.10.0",
      "jest": "^26.6.3"
    },
    "dependencies": {
      "abab": "^2.0.6",
      "acorn": "^8.8.2",
      "acorn-globals": "^6.0.0",
      "acorn-walk": "^7.2.0",
      "agent-base": "^6.0.2",
      "ajv": "^6.12.3",
      "ansi-escapes": "^4.3.2",
      "ansi-regex": "^5.0.1",
      "ansi-styles": "^4.2.1",
      "any-observable": "^0.3.0",
      "anymatch": "^3.1.3",
      "arch": "^2.1.2",
      "argparse": "^1.0.10",
      "arr-diff": "^4.0.0",
      "arr-flatten": "^1.1.0",
      "arr-union": "^3.1.0",
      "array-unique": "^0.3.2",
      "asn1": "^0.2.4",
      "assert-plus": "^1.0.0",
      "assign-symbols": "^1.0.0",
      "async": "^3.2.0",
      "asynckit": "^0.4.0",
      "atob": "^2.1.2",
      "aws-sign2": "^0.7.0",
      "aws4": "^1.10.0",
      "babel-plugin-istanbul": "^6.0.0",
      "babel-plugin-jest-hoist": "^26.6.2",
      "babel-plugin-polyfill-corejs2": "^0.3.3",
      "babel-plugin-polyfill-corejs3": "^0.6.0",
      "babel-plugin-polyfill-regenerator": "^0.4.1",
      "babel-preset-current-node-syntax": "^1.0.1",
      "babel-preset-jest": "^26.6.2",
      "balanced-match": "^1.0.0",
      "base": "^0.11.2",
      "bcrypt-pbkdf": "^1.0.2",
      "bluebird": "^3.7.2",
      "brace-expansion": "^1.1.11",
      "braces": "^3.0.2",
      "browser-process-hrtime": "^1.0.0",
      "browserslist": "^4.21.5",
      "bser": "^2.1.1",
      "buffer-crc32": "^0.2.13",
      "buffer-from": "^1.1.1",
      "cache-base": "^1.0.1",
      "cachedir": "^2.3.0",
      "callsites": "^3.1.0",
      "camelcase": "^5.3.1",
      "caniuse-lite": "^1.0.30001464",
      "capture-exit": "^2.0.0",
      "caseless": "^0.12.0",
      "chalk": "^4.1.0",
      "char-regex": "^1.0.2",
      "check-more-types": "^2.24.0",
      "ci-info": "^2.0.0",
      "cjs-module-lexer": "^0.6.0",
      "class-utils": "^0.3.6",
      "cli-cursor": "^1.0.2",
      "cli-table3": "^0.5.1",
      "cli-truncate": "^0.2.1",
      "cliui": "^6.0.0",
      "co": "^4.6.0",
      "code-point-at": "^1.1.0",
      "collect-v8-coverage": "^1.0.1",
      "collection-visit": "^1.0.0",
      "color-convert": "^2.0.1",
      "color-name": "^1.1.4",
      "colors": "^1.4.0",
      "combined-stream": "^1.0.8",
      "commander": "^4.1.1",
      "common-tags": "^1.8.0",
      "component-emitter": "^1.3.0",
      "concat-map": "^0.0.1",
      "concat-stream": "^1.6.2",
      "convert-source-map": "^1.7.0",
      "copy-descriptor": "^0.1.1",
      "core-js-compat": "^3.29.0",
      "core-util-is": "^1.0.2",
      "cross-spawn": "^6.0.5",
      "cssom": "^0.4.4",
      "cssstyle": "^2.3.0",
      "dashdash": "^1.14.1",
      "data-urls": "^2.0.0",
      "date-fns": "^1.30.1",
      "debug": "^4.1.1",
      "decamelize": "^1.2.0",
      "decimal.js": "^10.4.3",
      "decode-uri-component": "^0.2.2",
      "deep-is": "^0.1.4",
      "deepmerge": "^4.3.0",
      "define-property": "^2.0.2",
      "delayed-stream": "^1.0.0",
      "detect-newline": "^3.1.0",
      "diff-sequences": "^26.6.2",
      "domexception": "^2.0.1",
      "ecc-jsbn": "^0.1.2",
      "electron-to-chromium": "^1.4.328",
      "elegant-spinner": "^1.0.1",
      "emittery": "^0.7.2",
      "emoji-regex": "^8.0.0",
      "end-of-stream": "^1.4.4",
      "error-ex": "^1.3.2",
      "escalade": "^3.1.1",
      "escape-string-regexp": "^1.0.5",
      "escodegen": "^2.0.0",
      "esprima": "^4.0.1",
      "estraverse": "^5.3.0",
      "esutils": "^2.0.3",
      "eventemitter2": "^6.4.2",
      "exec-sh": "^0.3.6",
      "execa": "^1.0.0",
      "executable": "^4.1.1",
      "exit": "^0.1.2",
      "exit-hook": "^1.1.1",
      "expand-brackets": "^2.1.4",
      "expect": "^26.6.2",
      "extend": "^3.0.2",
      "extend-shallow": "^3.0.2",
      "extglob": "^2.0.4",
      "extract-zip": "^1.7.0",
      "extsprintf": "^1.3.0",
      "fast-deep-equal": "^3.1.3",
      "fast-json-stable-stringify": "^2.1.0",
      "fast-levenshtein": "^2.0.6",
      "fb-watchman": "^2.0.2",
      "fd-slicer": "^1.1.0",
      "figures": "^1.7.0",
      "fill-range": "^7.0.1",
      "find-up": "^4.1.0",
      "for-in": "^1.0.2",
      "forever-agent": "^0.6.1",
      "form-data": "^2.3.3",
      "fragment-cache": "^0.2.1",
      "fs-extra": "^8.1.0",
      "fs.realpath": "^1.0.0",
      "fsevents": "^2.3.2",
      "function-bind": "^1.1.1",
      "gensync": "^1.0.0-beta.2",
      "get-caller-file": "^2.0.5",
      "get-package-type": "^0.1.0",
      "get-stream": "^4.1.0",
      "get-value": "^2.0.6",
      "getos": "^3.2.1",
      "getpass": "^0.1.7",
      "glob": "^7.1.6",
      "global-dirs": "^2.0.1",
      "globals": "^11.12.0",
      "graceful-fs": "^4.2.4",
      "growly": "^1.3.0",
      "har-schema": "^2.0.0",
      "har-validator": "^5.1.3",
      "has": "^1.0.3",
      "has-ansi": "^2.0.0",
      "has-flag": "^4.0.0",
      "has-value": "^1.0.0",
      "has-values": "^1.0.0",
      "hosted-git-info": "^2.8.9",
      "html-encoding-sniffer": "^2.0.1",
      "html-escaper": "^2.0.2",
      "http-proxy-agent": "^4.0.1",
      "http-signature": "^1.2.0",
      "https-proxy-agent": "^5.0.1",
      "human-signals": "^1.1.1",
      "iconv-lite": "^0.4.24",
      "import-local": "^3.1.0",
      "imurmurhash": "^0.1.4",
      "indent-string": "^3.2.0",
      "inflight": "^1.0.6",
      "inherits": "^2.0.4",
      "ini": "^1.3.5",
      "is-accessor-descriptor": "^1.0.0",
      "is-arrayish": "^0.2.1",
      "is-buffer": "^1.1.6",
      "is-ci": "^2.0.0",
      "is-core-module": "^2.11.0",
      "is-data-descriptor": "^1.0.0",
      "is-descriptor": "^1.0.2",
      "is-docker": "^2.2.1",
      "is-extendable": "^1.0.1",
      "is-fullwidth-code-point": "^3.0.0",
      "is-generator-fn": "^2.1.0",
      "is-installed-globally": "^0.3.2",
      "is-number": "^7.0.0",
      "is-observable": "^1.1.0",
      "is-path-inside": "^3.0.2",
      "is-plain-object": "^2.0.4",
      "is-potential-custom-element-name": "^1.0.1",
      "is-promise": "^2.2.2",
      "is-stream": "^1.1.0",
      "is-typedarray": "^1.0.0",
      "is-windows": "^1.0.2",
      "is-wsl": "^2.2.0",
      "isarray": "^1.0.0",
      "isexe": "^2.0.0",
      "isobject": "^3.0.1",
      "isstream": "^0.1.2",
      "istanbul-lib-coverage": "^3.0.0",
      "istanbul-lib-instrument": "^4.0.3",
      "istanbul-lib-report": "^3.0.0",
      "istanbul-lib-source-maps": "^4.0.1",
      "istanbul-reports": "^3.1.5",
      "jest-changed-files": "^26.6.2",
      "jest-cli": "^26.6.3",
      "jest-config": "^26.6.3",
      "jest-diff": "^26.6.2",
      "jest-docblock": "^26.0.0",
      "jest-each": "^26.6.2",
      "jest-environment-jsdom": "^26.6.2",
      "jest-environment-node": "^26.6.2",
      "jest-get-type": "^26.3.0",
      "jest-haste-map": "^26.6.2",
      "jest-jasmine2": "^26.6.3",
      "jest-leak-detector": "^26.6.2",
      "jest-matcher-utils": "^26.6.2",
      "jest-message-util": "^26.6.2",
      "jest-mock": "^26.6.2",
      "jest-pnp-resolver": "^1.2.3",
      "jest-regex-util": "^26.0.0",
      "jest-resolve": "^26.6.2",
      "jest-resolve-dependencies": "^26.6.3",
      "jest-runner": "^26.6.3",
      "jest-runtime": "^26.6.3",
      "jest-serializer": "^26.6.2",
      "jest-snapshot": "^26.6.2",
      "jest-util": "^26.6.2",
      "jest-validate": "^26.6.2",
      "jest-watcher": "^26.6.2",
      "jest-worker": "^26.6.2",
      "js-tokens": "^4.0.0",
      "js-yaml": "^3.14.0",
      "jsbn": "^0.1.1",
      "jsdom": "^16.7.0",
      "jsesc": "^2.5.2",
      "json-parse-even-better-errors": "^2.3.1",
      "json-schema": "^0.2.3",
      "json-schema-traverse": "^0.4.1",
      "json-stringify-safe": "^5.0.1",
      "json5": "^2.2.3",
      "jsonfile": "^4.0.0",
      "jsprim": "^1.4.1",
      "kind-of": "^6.0.3",
      "kleur": "^3.0.3",
      "lazy-ass": "^1.6.0",
      "leven": "^3.1.0",
      "levn": "^0.3.0",
      "lines-and-columns": "^1.2.4",
      "listr": "^0.14.3",
      "listr-silent-renderer": "^1.1.1",
      "listr-update-renderer": "^0.5.0",
      "listr-verbose-renderer": "^0.5.0",
      "locate-path": "^5.0.0",
      "lodash": "^4.17.19",
      "lodash.debounce": "^4.0.8",
      "lodash.once": "^4.1.1",
      "log-symbols": "^3.0.0",
      "log-update": "^2.3.0",
      "lru-cache": "^6.0.0",
      "make-dir": "^3.1.0",
      "makeerror": "^1.0.12",
      "map-cache": "^0.2.2",
      "map-visit": "^1.0.0",
      "merge-stream": "^2.0.0",
      "micromatch": "^4.0.2",
      "mime-db": "^1.44.0",
      "mime-types": "^2.1.27",
      "mimic-fn": "^2.1.0",
      "minimatch": "^3.0.4",
      "minimist": "^1.2.5",
      "mixin-deep": "^1.3.2",
      "mkdirp": "^0.5.5",
      "moment": "^2.26.0",
      "ms": "^2.1.2",
      "nanomatch": "^1.2.13",
      "natural-compare": "^1.4.0",
      "nice-try": "^1.0.5",
      "node-int64": "^0.4.0",
      "node-modules-regexp": "^1.0.0",
      "node-notifier": "^8.0.2",
      "node-releases": "^2.0.10",
      "normalize-package-data": "^2.5.0",
      "normalize-path": "^3.0.0",
      "npm-run-path": "^2.0.2",
      "number-is-nan": "^1.0.1",
      "nwsapi": "^2.2.2",
      "oauth-sign": "^0.9.0",
      "object-assign": "^4.1.1",
      "object-copy": "^0.1.0",
      "object-visit": "^1.0.1",
      "object.pick": "^1.3.0",
      "once": "^1.4.0",
      "onetime": "^5.1.2",
      "optionator": "^0.8.3",
      "ospath": "^1.2.2",
      "p-each-series": "^2.2.0",
      "p-finally": "^1.0.0",
      "p-limit": "^2.3.0",
      "p-locate": "^4.1.0",
      "p-map": "^2.1.0",
      "p-try": "^2.2.0",
      "parse-json": "^5.2.0",
      "parse5": "^6.0.1",
      "pascalcase": "^0.1.1",
      "path-exists": "^4.0.0",
      "path-is-absolute": "^1.0.1",
      "path-key": "^2.0.1",
      "path-parse": "^1.0.7",
      "pend": "^1.2.0",
      "performance-now": "^2.1.0",
      "picocolors": "^1.0.0",
      "picomatch": "^2.2.2",
      "pify": "^2.3.0",
      "pirates": "^4.0.1",
      "pkg-dir": "^4.2.0",
      "posix-character-classes": "^0.1.1",
      "prelude-ls": "^1.1.2",
      "pretty-bytes": "^5.3.0",
      "pretty-format": "^26.6.2",
      "process-nextick-args": "^2.0.1",
      "prompts": "^2.4.2",
      "psl": "^1.8.0",
      "pump": "^3.0.0",
      "punycode": "^2.1.1",
      "qs": "^6.5.2",
      "querystring": "^0.2.0",
      "querystringify": "^2.2.0",
      "ramda": "^0.26.1",
      "react-is": "^17.0.2",
      "read-pkg": "^5.2.0",
      "read-pkg-up": "^7.0.1",
      "readable-stream": "^2.3.7",
      "regenerate": "^1.4.2",
      "regenerate-unicode-properties": "^10.1.0",
      "regenerator-runtime": "^0.13.11",
      "regenerator-transform": "^0.15.1",
      "regex-not": "^1.0.2",
      "regexpu-core": "^5.3.2",
      "regjsparser": "^0.9.1",
      "remove-trailing-separator": "^1.1.0",
      "repeat-element": "^1.1.4",
      "repeat-string": "^1.6.1",
      "request-progress": "^3.0.0",
      "require-directory": "^2.1.1",
      "require-main-filename": "^2.0.0",
      "requires-port": "^1.0.0",
      "resolve": "^1.22.1",
      "resolve-cwd": "^3.0.0",
      "resolve-from": "^5.0.0",
      "resolve-url": "^0.2.1",
      "restore-cursor": "^1.0.1",
      "ret": "^0.1.15",
      "rimraf": "^3.0.2",
      "rsvp": "^4.8.5",
      "rxjs": "^6.6.0",
      "safe-buffer": "^5.1.2",
      "safe-regex": "^1.1.0",
      "safer-buffer": "^2.1.2",
      "sane": "^4.1.0",
      "saxes": "^5.0.1",
      "semver": "^5.7.1",
      "set-blocking": "^2.0.0",
      "set-value": "^2.0.1",
      "shebang-command": "^1.2.0",
      "shebang-regex": "^1.0.0",
      "shellwords": "^0.1.1",
      "signal-exit": "^3.0.3",
      "sisteransi": "^1.0.5",
      "slash": "^3.0.0",
      "slice-ansi": "^0.0.4",
      "snapdragon": "^0.8.2",
      "snapdragon-node": "^2.1.1",
      "snapdragon-util": "^3.0.1",
      "source-map": "^0.6.1",
      "source-map-resolve": "^0.5.3",
      "source-map-support": "^0.5.21",
      "source-map-url": "^0.4.1",
      "spdx-correct": "^3.2.0",
      "spdx-exceptions": "^2.3.0",
      "spdx-expression-parse": "^3.0.1",
      "spdx-license-ids": "^3.0.13",
      "split-string": "^3.1.0",
      "sprintf-js": "^1.0.3",
      "sshpk": "^1.16.1",
      "stack-utils": "^2.0.6",
      "static-extend": "^0.1.2",
      "string-length": "^4.0.2",
      "string-width": "^4.2.3",
      "string_decoder": "^1.1.1",
      "strip-ansi": "^6.0.1",
      "strip-bom": "^4.0.0",
      "strip-eof": "^1.0.0",
      "strip-final-newline": "^2.0.0",
      "supports-color": "^7.1.0",
      "supports-hyperlinks": "^2.3.0",
      "supports-preserve-symlinks-flag": "^1.0.0",
      "symbol-observable": "^1.2.0",
      "symbol-tree": "^3.2.4",
      "terminal-link": "^2.1.1",
      "test-exclude": "^6.0.0",
      "throat": "^5.0.0",
      "throttleit": "^1.0.0",
      "tmp": "^0.1.0",
      "tmpl": "^1.0.5",
      "to-fast-properties": "^2.0.0",
      "to-object-path": "^0.3.0",
      "to-regex": "^3.0.2",
      "to-regex-range": "^5.0.1",
      "tough-cookie": "^4.1.2",
      "tr46": "^2.1.0",
      "tslib": "^1.13.0",
      "tunnel-agent": "^0.6.0",
      "tweetnacl": "^0.14.5",
      "type-check": "^0.3.2",
      "type-detect": "^4.0.8",
      "type-fest": "^0.21.3",
      "typedarray": "^0.0.6",
      "typedarray-to-buffer": "^3.1.5",
      "unicode-canonical-property-names-ecmascript": "^2.0.0",
      "unicode-match-property-ecmascript": "^2.0.0",
      "unicode-match-property-value-ecmascript": "^2.1.0",
      "unicode-property-aliases-ecmascript": "^2.1.0",
      "union-value": "^1.0.1",
      "universalify": "^0.1.2",
      "unset-value": "^1.0.0",
      "untildify": "^4.0.0",
      "update-browserslist-db": "^1.0.10",
      "uri-js": "^4.2.2",
      "urix": "^0.1.0",
      "url": "^0.11.0",
      "url-parse": "^1.5.10",
      "use": "^3.1.1",
      "util-deprecate": "^1.0.2",
      "uuid": "^8.3.2",
      "v8-to-istanbul": "^7.1.2",
      "validate-npm-package-license": "^3.0.4",
      "verror": "^1.10.0",
      "w3c-hr-time": "^1.0.2",
      "w3c-xmlserializer": "^2.0.0",
      "walker": "^1.0.8",
      "webidl-conversions": "^6.1.0",
      "whatwg-encoding": "^1.0.5",
      "whatwg-mimetype": "^2.3.0",
      "whatwg-url": "^8.7.0",
      "which": "^2.0.2",
      "which-module": "^2.0.0",
      "word-wrap": "^1.2.3",
      "wrap-ansi": "^6.2.0",
      "wrappy": "^1.0.2",
      "write-file-atomic": "^3.0.3",
      "ws": "^7.5.9",
      "xml-name-validator": "^3.0.0",
      "xmlchars": "^2.2.0",
      "y18n": "^4.0.3",
      "yallist": "^4.0.0",
      "yargs": "^15.4.1",
      "yargs-parser": "^18.1.3",
      "yauzl": "^2.10.0"
    },
    "keywords": []
  }

yarn manifest: 
  No manifest

Lockfile: 
  No lockfile
